<?xml version="1.0" encoding="UTF-8"?>
<!-- Generated by org.testng.reporters.JUnitReportReporter -->
<testsuite hostname="NavneetPersonal" failures="0" tests="1" name="Tests.SOAP_API_Testing" time="4.988" errors="0" timestamp="2024-07-24T14:06:29 IST" skipped="0">
  <testcase classname="Tests.SOAP_API_Testing" name="validateSoapAPI" time="4.988"/>
  <system-out/>
</testsuite> <!-- Tests.SOAP_API_Testing -->
