<?xml version="1.0" encoding="UTF-8"?>
<!-- Generated by org.testng.reporters.JUnitReportReporter -->
<testsuite hostname="NavneetPersonal" failures="0" tests="1" name="Tests.Local_API_Testing" time="1.613" errors="0" timestamp="2024-07-05T12:19:59 IST" skipped="0">
  <testcase classname="Tests.Local_API_Testing" name="testPost" time="1.613"/>
  <system-out/>
</testsuite> <!-- Tests.Local_API_Testing -->
