<?xml version="1.0" encoding="UTF-8"?>
<!-- Generated by org.testng.reporters.JUnitReportReporter -->
<testsuite hostname="NavneetPersonal" failures="0" tests="1" name="Tests.SchemaValidationTest" time="2.771" errors="0" timestamp="2024-07-05T12:42:39 IST" skipped="0">
  <testcase classname="Tests.SchemaValidationTest" name="testGet" time="2.771"/>
  <system-out/>
</testsuite> <!-- Tests.SchemaValidationTest -->
