<?xml version="1.0" encoding="UTF-8"?>
<!-- Generated by org.testng.reporters.JUnitReportReporter -->
<testsuite hostname="NavneetPersonal" failures="0" tests="1" name="Tests.Test_Demo_One" time="2.470" errors="0" timestamp="2024-07-03T08:50:56 IST" skipped="0">
  <testcase classname="Tests.Test_Demo_One" name="testSix" time="2.470"/>
  <system-out/>
</testsuite> <!-- Tests.Test_Demo_One -->
